The test suite for the 3-say_my_name.py module

>>> say_my_name = __import__('3-say_my_name').say_my_name

Test 01:
	>>> say_my_name("John", "Smith")
	My name is John Smith

Test 02:
	>>> say_my_name("Walter")
	My name is Walter 

Test 03:
	>>> say_my_name()
	Traceback (most recent call last):
		...
	TypeError: say_my_name() missing 1 required positional argument: 'first_name'

Test 04:
	>>> say_my_name(12, "Smith")
	Traceback (most recent call last):
		...
	TypeError: first_name must be a string

Test 05:
	>>> say_my_name("John", 12)
	Traceback (most recent call last):
		...
	TypeError: last_name must be a string

Test 06:
	>>> say_my_name(12, 12)
	Traceback (most recent call last):
		..
	TypeError: first_name must be a string
