The test suite for the 4-print_square.py module

>>> print_square = __import__('4-print_square').print_square

Test 01:
	>>> print_square(4)
	####
	####
	####
	####

Test 02:
	>>> print_square()
	Traceback (most recent call last):
		...
	TypeError: print_square() missing 1 required positional argument: 'size'

Test 03:
	>>> print_square(2, 2)
	Traceback (most recent call last):
		...
	TypeError: print_square() takes 1 positional argument but 2 were given

Test 04:
	>>> print_square(-4)
	Traceback (most recent call last):
		...
	ValueError: size must be >= 0

Test 05:
	>>> print_square(4.5)
	Traceback (most recent call last):
		...
	TypeError: size must be an integer

Test 06:
	>>> print_square('4')
	Traceback (most recent call last):
		...
	TypeError: size must be an integer

Test 07:
	>>> print_square([4])
	Traceback (most recent call last):
		...
	TypeError: size must be an integer